*** Starting uWSGI 2.0.18 (64bit) on [Mon Jul 22 02:38:26 2019] ***
compiled with version: 4.8.5 20150623 (Red Hat 4.8.5-36) on 22 July 2019 05:34:22
os: Linux-3.10.0-957.12.1.el7.x86_64 #1 SMP Mon Apr 29 14:59:59 UTC 2019
nodename: localhost.localdomain
machine: x86_64
clock source: unix
pcre jit disabled
detected number of CPU cores: 1
current working directory: /home/www/ppt12/12.1
writing pidfile to /home/www/ppt12/12.1/logs/movie.pid
detected binary path: /usr/local/python3/bin/uwsgi
uWSGI running as root, you can use --uid/--gid/--chroot options
*** WARNING: you are running uWSGI as root !!! (use the --uid flag) *** 
chdir() to /home/www/ppt12/12.1
your processes number limit is 3872
your memory page size is 4096 bytes
detected max file descriptor number: 1024
!!! no /etc/mime.types file found !!!
lock engine: pthread robust mutexes
thunder lock: disabled (you can enable it with --thunder-lock)
uWSGI http bound on 0.0.0.0:5000 fd 3
bind(): Operation not permitted [core/socket.c line 230]
*** Starting uWSGI 2.0.18 (64bit) on [Mon Jul 22 02:38:27 2019] ***
compiled with version: 4.8.5 20150623 (Red Hat 4.8.5-36) on 22 July 2019 05:34:22
os: Linux-3.10.0-957.12.1.el7.x86_64 #1 SMP Mon Apr 29 14:59:59 UTC 2019
nodename: localhost.localdomain
machine: x86_64
clock source: unix
pcre jit disabled
detected number of CPU cores: 1
current working directory: /home/www/ppt12/12.1
writing pidfile to /home/www/ppt12/12.1/logs/movie.pid
detected binary path: /usr/local/python3/bin/uwsgi
uWSGI running as root, you can use --uid/--gid/--chroot options
*** WARNING: you are running uWSGI as root !!! (use the --uid flag) *** 
chdir() to /home/www/ppt12/12.1
your processes number limit is 3872
your memory page size is 4096 bytes
detected max file descriptor number: 1024
!!! no /etc/mime.types file found !!!
lock engine: pthread robust mutexes
thunder lock: disabled (you can enable it with --thunder-lock)
uWSGI http bound on 0.0.0.0:5000 fd 3
bind(): Operation not permitted [core/socket.c line 230]
*** Starting uWSGI 2.0.18 (64bit) on [Mon Jul 22 02:38:27 2019] ***
compiled with version: 4.8.5 20150623 (Red Hat 4.8.5-36) on 22 July 2019 05:34:22
os: Linux-3.10.0-957.12.1.el7.x86_64 #1 SMP Mon Apr 29 14:59:59 UTC 2019
nodename: localhost.localdomain
machine: x86_64
clock source: unix
pcre jit disabled
detected number of CPU cores: 1
current working directory: /home/www/ppt12/12.1
writing pidfile to /home/www/ppt12/12.1/logs/movie.pid
detected binary path: /usr/local/python3/bin/uwsgi
uWSGI running as root, you can use --uid/--gid/--chroot options
*** WARNING: you are running uWSGI as root !!! (use the --uid flag) *** 
chdir() to /home/www/ppt12/12.1
your processes number limit is 3872
your memory page size is 4096 bytes
detected max file descriptor number: 1024
!!! no /etc/mime.types file found !!!
lock engine: pthread robust mutexes
thunder lock: disabled (you can enable it with --thunder-lock)
uWSGI http bound on 0.0.0.0:5000 fd 3
bind(): Operation not permitted [core/socket.c line 230]
*** Starting uWSGI 2.0.18 (64bit) on [Mon Jul 22 02:39:02 2019] ***
compiled with version: 4.8.5 20150623 (Red Hat 4.8.5-36) on 22 July 2019 05:34:22
os: Linux-3.10.0-957.12.1.el7.x86_64 #1 SMP Mon Apr 29 14:59:59 UTC 2019
nodename: localhost.localdomain
machine: x86_64
clock source: unix
pcre jit disabled
detected number of CPU cores: 1
current working directory: /home/www/ppt12/12.1
writing pidfile to /home/www/ppt12/12.1/logs/movie.pid
detected binary path: /usr/local/python3/bin/uwsgi
uWSGI running as root, you can use --uid/--gid/--chroot options
*** WARNING: you are running uWSGI as root !!! (use the --uid flag) *** 
chdir() to /home/www/ppt12/12.1
your processes number limit is 3872
your memory page size is 4096 bytes
detected max file descriptor number: 1024
!!! no /etc/mime.types file found !!!
lock engine: pthread robust mutexes
thunder lock: disabled (you can enable it with --thunder-lock)
uWSGI http bound on 0.0.0.0:5000 fd 3
bind(): Operation not permitted [core/socket.c line 230]
